<?xml version="1.0" encoding="UTF-8"?>
<testng-results ignored="0" total="1" passed="1" failed="0" skipped="0">
  <reporter-output>
  </reporter-output>
  <suite started-at="2019-02-13T12:15:46Z" name="Default suite" finished-at="2019-02-13T12:16:03Z" duration-ms="17660">
    <groups>
    </groups>
    <test started-at="2019-02-13T12:15:46Z" name="Default test" finished-at="2019-02-13T12:16:03Z" duration-ms="17660">
      <class name="testCases.TestLogin">
        <test-method is-config="true" signature="setupTest(java.lang.String)[pri:0, instance:testCases.TestLogin@55b53d44]" started-at="2019-02-13T12:15:46Z" name="setupTest" finished-at="2019-02-13T12:15:51Z" duration-ms="5327" status="PASS">
          <params>
            <param index="0">
              <value>
                <![CDATA[firefox]]>
              </value>
            </param>
          </params>
          <reporter-output>
          </reporter-output>
        </test-method> <!-- setupTest -->
        <test-method is-config="true" signature="beforeKeywordTest()[pri:0, instance:testCases.TestLogin@55b53d44]" started-at="2019-02-13T12:15:51Z" name="beforeKeywordTest" finished-at="2019-02-13T12:15:59Z" depends-on-methods="utility.CommonTest.setupTest" duration-ms="7547" status="PASS">
          <reporter-output>
          </reporter-output>
        </test-method> <!-- beforeKeywordTest -->
        <test-method is-config="true" signature="beforeClass()[pri:0, instance:testCases.TestLogin@55b53d44]" started-at="2019-02-13T12:15:59Z" name="beforeClass" finished-at="2019-02-13T12:15:59Z" duration-ms="1" status="PASS">
          <reporter-output>
          </reporter-output>
        </test-method> <!-- beforeClass -->
        <test-method signature="testLogin()[pri:0, instance:testCases.TestLogin@55b53d44]" started-at="2019-02-13T12:15:59Z" name="testLogin" finished-at="2019-02-13T12:16:03Z" duration-ms="4164" status="PASS">
          <reporter-output>
          </reporter-output>
        </test-method> <!-- testLogin -->
        <test-method is-config="true" signature="afterMethod()[pri:0, instance:testCases.TestLogin@55b53d44]" started-at="2019-02-13T12:16:03Z" name="afterMethod" finished-at="2019-02-13T12:16:03Z" duration-ms="309" status="PASS">
          <reporter-output>
          </reporter-output>
        </test-method> <!-- afterMethod -->
        <test-method is-config="true" signature="afterTest()[pri:0, instance:testCases.TestLogin@55b53d44]" started-at="2019-02-13T12:16:03Z" name="afterTest" finished-at="2019-02-13T12:16:03Z" duration-ms="245" status="PASS">
          <reporter-output>
          </reporter-output>
        </test-method> <!-- afterTest -->
      </class> <!-- testCases.TestLogin -->
    </test> <!-- Default test -->
  </suite> <!-- Default suite -->
</testng-results>
