<?xml version="1.0" encoding="UTF-8"?>
<!-- Generated by org.testng.reporters.JUnitXMLReporter -->
<testsuite ignored="0" hostname="Personal" failures="0" tests="4" name="TestFirefox" time="16.87" errors="0" timestamp="25 Oct 2018 18:50:21 GMT">
  <testcase classname="parallel.testcases.TestFunctionalityA" name="testA_One" time="1.551"/>
  <testcase classname="parallel.testcases.TestFunctionalityA" name="testA_four" time="2.348"/>
  <testcase classname="parallel.testcases.TestFunctionalityA" name="testA_three" time="5.192"/>
  <testcase classname="parallel.testcases.TestFunctionalityA" name="testA_two" time="2.866"/>
</testsuite> <!-- TestFirefox -->
