<?xml version="1.0" encoding="UTF-8"?>
<!-- Generated by org.testng.reporters.JUnitXMLReporter -->
<testsuite ignored="0" hostname="Personal" failures="0" tests="4" name="TestEdge" time="7.856" errors="0" timestamp="25 Oct 2018 18:50:41 GMT">
  <testcase classname="parallel.testcases.TestFunctionalityD" name="testD_One" time="0.846"/>
  <testcase classname="parallel.testcases.TestFunctionalityD" name="testD_four" time="0.474"/>
  <testcase classname="parallel.testcases.TestFunctionalityD" name="testD_three" time="0.587"/>
  <testcase classname="parallel.testcases.TestFunctionalityD" name="testD_two" time="0.934"/>
</testsuite> <!-- TestEdge -->
