<?xml version="1.0" encoding="UTF-8"?>
<!-- Generated by org.testng.reporters.JUnitXMLReporter -->
<testsuite ignored="0" hostname="Personal" failures="0" tests="4" name="TestFirefox" time="19.996" errors="0" timestamp="25 Oct 2018 19:02:00 GMT">
  <testcase classname="parallel.testcases.TestFunctionalityA" name="testA_One" time="3.84"/>
  <testcase classname="parallel.testcases.TestFunctionalityA" name="testA_four" time="3.006"/>
  <testcase classname="parallel.testcases.TestFunctionalityA" name="testA_three" time="4.385"/>
  <testcase classname="parallel.testcases.TestFunctionalityA" name="testA_two" time="3.058"/>
</testsuite> <!-- TestFirefox -->
