<?xml version="1.0" encoding="UTF-8"?>
<!-- Generated by org.testng.reporters.JUnitXMLReporter -->
<testsuite ignored="0" hostname="Personal" failures="0" tests="4" name="TestEdge" time="7.183" errors="0" timestamp="25 Oct 2018 19:02:18 GMT">
  <testcase classname="parallel.testcases.TestFunctionalityD" name="testD_One" time="0.73"/>
  <testcase classname="parallel.testcases.TestFunctionalityD" name="testD_four" time="0.496"/>
  <testcase classname="parallel.testcases.TestFunctionalityD" name="testD_three" time="0.394"/>
  <testcase classname="parallel.testcases.TestFunctionalityD" name="testD_two" time="0.443"/>
</testsuite> <!-- TestEdge -->
