<?xml version="1.0" encoding="UTF-8"?>
<!-- Generated by org.testng.reporters.JUnitXMLReporter -->
<testsuite ignored="0" hostname="Personal" failures="0" tests="4" name="TestChrome" time="9.411" errors="0" timestamp="25 Oct 2018 15:16:57 GMT">
  <testcase classname="parallel.testcases.TestFunctionalityB" name="testB_One" time="2.948"/>
  <testcase classname="parallel.testcases.TestFunctionalityB" name="testB_four" time="0.376"/>
  <testcase classname="parallel.testcases.TestFunctionalityB" name="testB_three" time="0.439"/>
  <testcase classname="parallel.testcases.TestFunctionalityB" name="testB_two" time="0.474"/>
</testsuite> <!-- TestChrome -->
