<?xml version="1.0" encoding="UTF-8"?>
<!-- Generated by org.testng.reporters.JUnitXMLReporter -->
<testsuite ignored="0" hostname="Personal" failures="0" tests="4" name="TestFirefox" time="20.645" errors="0" timestamp="25 Oct 2018 15:16:47 GMT">
  <testcase classname="parallel.testcases.TestFunctionalityA" name="testA_One" time="2.32"/>
  <testcase classname="parallel.testcases.TestFunctionalityA" name="testA_four" time="3.431"/>
  <testcase classname="parallel.testcases.TestFunctionalityA" name="testA_three" time="5.263"/>
  <testcase classname="parallel.testcases.TestFunctionalityA" name="testA_two" time="3.201"/>
</testsuite> <!-- TestFirefox -->
